  Window.cpp
C:\Users\cefiro\Desktop\game\game\Window.cpp(5): warning C4244: аргумент: преобразование "int" в "T", возможна потеря данных
          with
          [
              T=float
          ]
C:\Users\cefiro\Desktop\game\game\Window.cpp(6): warning C4244: аргумент: преобразование "int" в "float", возможна потеря данных
C:\Users\cefiro\Desktop\game\game\Window.cpp(11): warning C4244: аргумент: преобразование "int" в "float", возможна потеря данных
C:\Users\cefiro\Desktop\game\game\Window.cpp(15): warning C4244: аргумент: преобразование "int" в "T", возможна потеря данных
          with
          [
              T=float
          ]
C:\Users\cefiro\Desktop\game\game\Window.cpp(20): warning C4244: аргумент: преобразование "int" в "T", возможна потеря данных
          with
          [
              T=float
          ]
C:\Users\cefiro\Desktop\game\game\Window.cpp(24): warning C4244: аргумент: преобразование "int" в "T", возможна потеря данных
          with
          [
              T=float
          ]
C:\Users\cefiro\Desktop\game\game\Window.cpp(26): warning C4244: аргумент: преобразование "int" в "T", возможна потеря данных
          with
          [
              T=float
          ]
C:\Users\cefiro\Desktop\game\game\Window.cpp(45): warning C4244: инициализация: преобразование "T" в "int", возможна потеря данных
          with
          [
              T=float
          ]
C:\Users\cefiro\Desktop\game\game\Window.cpp(46): warning C4244: инициализация: преобразование "T" в "int", возможна потеря данных
          with
          [
              T=float
          ]
C:\Users\cefiro\Desktop\game\game\Window.cpp(47): warning C4244: аргумент: преобразование "int" в "float", возможна потеря данных
C:\Users\cefiro\Desktop\game\game\Window.cpp(48): warning C4244: аргумент: преобразование "int" в "float", возможна потеря данных
C:\Users\cefiro\Desktop\game\game\Window.cpp(49): warning C4244: аргумент: преобразование "int" в "float", возможна потеря данных
C:\Users\cefiro\Desktop\game\game\Window.cpp(50): warning C4244: аргумент: преобразование "int" в "float", возможна потеря данных
C:\Users\cefiro\Desktop\game\game\Window.cpp(51): warning C4244: аргумент: преобразование "int" в "float", возможна потеря данных
  game.vcxproj -> C:\Users\cefiro\Desktop\game\Debug\game.exe
