  Window.cpp
C:\Users\cefiro\Desktop\game\game\Window.cpp(5): warning C4244: аргумент: преобразование "int" в "T", возможна потеря данных
          with
          [
              T=float
          ]
C:\Users\cefiro\Desktop\game\game\Window.cpp(6): warning C4244: аргумент: преобразование "int" в "float", возможна потеря данных
C:\Users\cefiro\Desktop\game\game\Window.cpp(11): warning C4244: аргумент: преобразование "int" в "float", возможна потеря данных
C:\Users\cefiro\Desktop\game\game\Window.cpp(15): warning C4244: аргумент: преобразование "int" в "T", возможна потеря данных
          with
          [
              T=float
          ]
C:\Users\cefiro\Desktop\game\game\Window.cpp(20): warning C4244: аргумент: преобразование "int" в "T", возможна потеря данных
          with
          [
              T=float
          ]
C:\Users\cefiro\Desktop\game\game\Window.cpp(24): warning C4244: аргумент: преобразование "int" в "T", возможна потеря данных
          with
          [
              T=float
          ]
C:\Users\cefiro\Desktop\game\game\Window.cpp(26): warning C4244: аргумент: преобразование "int" в "T", возможна потеря данных
          with
          [
              T=float
          ]
C:\Users\cefiro\Desktop\game\game\Window.cpp(30): warning C4244: аргумент: преобразование "int" в "float", возможна потеря данных
C:\Users\cefiro\Desktop\game\game\Window.cpp(50): warning C4244: инициализация: преобразование "T" в "int", возможна потеря данных
          with
          [
              T=float
          ]
C:\Users\cefiro\Desktop\game\game\Window.cpp(51): warning C4244: инициализация: преобразование "T" в "int", возможна потеря данных
          with
          [
              T=float
          ]
C:\Users\cefiro\Desktop\game\game\Window.cpp(52): warning C4244: аргумент: преобразование "int" в "float", возможна потеря данных
C:\Users\cefiro\Desktop\game\game\Window.cpp(53): warning C4244: аргумент: преобразование "int" в "float", возможна потеря данных
C:\Users\cefiro\Desktop\game\game\Window.cpp(54): warning C4244: аргумент: преобразование "int" в "float", возможна потеря данных
C:\Users\cefiro\Desktop\game\game\Window.cpp(55): warning C4244: аргумент: преобразование "int" в "float", возможна потеря данных
C:\Users\cefiro\Desktop\game\game\Window.cpp(56): warning C4244: аргумент: преобразование "int" в "float", возможна потеря данных
  Создание кода
  1 of 312 functions ( 0.3%) were compiled, the rest were copied from previous compilation.
    0 functions were new in current compilation
    1 functions had inline decision re-evaluated but remain unchanged
  Создание кода завершено
  game.vcxproj -> C:\Users\cefiro\Desktop\game\Release\game.exe
